[0mGET / [32m200[0m 128.794 ms - 8122[0m
[0mGET /js/home_post.js [33m404[0m 17.367 ms - 154[0m
[0mGET /js/home_post_comment.js [33m404[0m 23.829 ms - 162[0m
[0mGET /toggle_like.js [33m404[0m 19.715 ms - 153[0m
[0mGET /js/chat_engine.js [33m404[0m 33.535 ms - 156[0m
[0mGET /favicon.ico [33m404[0m 6.127 ms - 150[0m
[0mGET /users/sign-up [32m200[0m 15.044 ms - 2336[0m
[0mGET /css/layout.css [33m404[0m 11.132 ms - 153[0m
[0mGET /css/header.css [33m404[0m 10.446 ms - 153[0m
[0mGET /css/footer.css [33m404[0m 14.298 ms - 153[0m
[0mGET /users/auth/google [36m302[0m 8.215 ms - 0[0m
[0mGET / [36m304[0m 39.426 ms - -[0m
[0mGET /js/home_post_comment.js [33m404[0m 13.812 ms - 162[0m
[0mGET /js/home_post.js [33m404[0m 9.218 ms - 154[0m
[0mGET /css/layout.css [33m404[0m 13.539 ms - 153[0m
[0mGET /css/header.css [33m404[0m 15.999 ms - 153[0m
[0mGET /toggle_like.js [33m404[0m 9.298 ms - 153[0m
[0mGET /css/footer.css [33m404[0m 16.824 ms - 153[0m
[0mGET /js/chat_engine.js [33m404[0m 16.049 ms - 156[0m
[0mGET /css/layout.css [33m404[0m 5.877 ms - 153[0m
[0mGET /css/home.css [33m404[0m 46.646 ms - 151[0m
[0mGET / [36m304[0m 39.229 ms - -[0m
[0mGET /js/home_post.js [33m404[0m 13.515 ms - 154[0m
[0mGET /css/layout.css [33m404[0m 19.875 ms - 153[0m
[0mGET /js/home_post_comment.js [33m404[0m 11.771 ms - 162[0m
[0mGET /css/header.css [33m404[0m 23.628 ms - 153[0m
[0mGET /toggle_like.js [33m404[0m 19.099 ms - 153[0m
[0mGET /js/chat_engine.js [33m404[0m 13.760 ms - 156[0m
[0mGET /css/footer.css [33m404[0m 22.207 ms - 153[0m
[0mGET /css/home.css [33m404[0m 27.984 ms - 151[0m
[0mGET / [36m304[0m 45.639 ms - -[0m
[0mGET /css/layout.css [33m404[0m 6.882 ms - 153[0m
[0mGET /js/home_post.js [33m404[0m 9.014 ms - 154[0m
[0mGET /js/home_post_comment.js [33m404[0m 12.004 ms - 162[0m
[0mGET /css/footer.css [33m404[0m 23.283 ms - 153[0m
[0mGET /css/header.css [33m404[0m 23.491 ms - 153[0m
[0mGET /toggle_like.js [33m404[0m 17.684 ms - 153[0m
[0mGET /css/home.css [33m404[0m 20.568 ms - 151[0m
[0mGET /js/chat_engine.js [33m404[0m 13.593 ms - 156[0m
[0mGET / [36m304[0m 46.754 ms - -[0m
[0mGET /css/layout.css [33m404[0m 10.101 ms - 153[0m
[0mGET /js/home_post.js [33m404[0m 12.826 ms - 154[0m
[0mGET /css/header.css [33m404[0m 47.028 ms - 153[0m
[0mGET /toggle_like.js [33m404[0m 28.786 ms - 153[0m
[0mGET /js/home_post_comment.js [33m404[0m 32.527 ms - 162[0m
[0mGET /css/home.css [33m404[0m 46.388 ms - 151[0m
[0mGET /css/footer.css [33m404[0m 41.894 ms - 153[0m
[0mGET /js/chat_engine.js [33m404[0m 14.603 ms - 156[0m
[0mGET /users/sign-in [32m200[0m 22.105 ms - 2108[0m
[0mGET /css/layout.css [33m404[0m 15.734 ms - 153[0m
[0mGET /css/header.css [33m404[0m 16.373 ms - 153[0m
[0mGET /css/footer.css [33m404[0m 19.335 ms - 153[0m
[0mPOST /users/createSession [36m302[0m 15.116 ms - 46[0m
[0mGET / [32m200[0m 43.968 ms - 11571[0m
[0mGET /css/layout.css [33m404[0m 24.104 ms - 153[0m
[0mGET /js/home_post.js [33m404[0m 36.659 ms - 154[0m
[0mGET /js/home_post_comment.js [33m404[0m 34.878 ms - 162[0m
[0mGET /css/header.css [33m404[0m 33.008 ms - 153[0m
[0mGET /css/home.css [33m404[0m 32.435 ms - 151[0m
[0mGET /css/footer.css [33m404[0m 31.843 ms - 153[0m
[0mGET /toggle_like.js [33m404[0m 22.867 ms - 153[0m
[0mGET /js/chat_engine.js [33m404[0m 19.451 ms - 156[0m
[0mGET / [32m200[0m 160.396 ms - 8122[0m
[0mGET /js/home_post.js [33m404[0m 36.920 ms - 154[0m
[0mGET /js/home_post_comment.js [33m404[0m 35.113 ms - 162[0m
[0mGET /toggle_like.js [33m404[0m 8.565 ms - 153[0m
[0mGET /js/chat_engine.js [33m404[0m 9.230 ms - 156[0m
[0mGET /favicon.ico [33m404[0m 3.824 ms - 150[0m
[0mGET /users/sign-up [36m304[0m 13.187 ms - -[0m
[0mGET /css/footer.css [33m404[0m 10.178 ms - 153[0m
[0mGET /css/layout.css [33m404[0m 8.195 ms - 153[0m
[0mGET /css/header.css [33m404[0m 10.476 ms - 153[0m
[0mGET /users/auth/google [36m302[0m 10.748 ms - 0[0m
[0mGET / [36m304[0m 119.019 ms - -[0m
[0mGET /js/home_post.js [33m404[0m 8.462 ms - 154[0m
[0mGET /js/home_post_comment.js [33m404[0m 7.513 ms - 162[0m
[0mGET /js/chat_engine.js [33m404[0m 2.654 ms - 156[0m
[0mGET /toggle_like.js [33m404[0m 4.080 ms - 153[0m
[0mGET /users/sign-in [36m304[0m 9.679 ms - -[0m
[0mGET /css/header.css [33m404[0m 11.806 ms - 153[0m
[0mGET /css/layout.css [33m404[0m 10.927 ms - 153[0m
[0mGET /css/footer.css [33m404[0m 12.497 ms - 153[0m
[0mPOST /users/createSession [36m302[0m 31.018 ms - 46[0m
[0mGET / [32m200[0m 94.903 ms - 11571[0m
[0mGET /css/layout.css [33m404[0m 47.511 ms - 153[0m
[0mGET /js/home_post.js [33m404[0m 85.744 ms - 154[0m
[0mGET /js/home_post_comment.js [33m404[0m 84.718 ms - 162[0m
[0mGET /css/header.css [33m404[0m 73.105 ms - 153[0m
[0mGET /css/footer.css [33m404[0m 71.566 ms - 153[0m
[0mGET /css/home.css [33m404[0m 79.307 ms - 151[0m
[0mGET /toggle_like.js [33m404[0m 20.191 ms - 153[0m
[0mGET /js/chat_engine.js [33m404[0m 9.005 ms - 156[0m
[0mGET /css/header.css [33m404[0m 9.946 ms - 153[0m
[0mGET /css/footer.css [33m404[0m 9.794 ms - 153[0m
[0mGET /css/layout.css [33m404[0m 12.087 ms - 153[0m
[0mGET /css/home.css [33m404[0m 10.343 ms - 151[0m
[0mGET / [32m200[0m 65.821 ms - 11193[0m
[0mGET /css/layout.css [33m404[0m 68.974 ms - 153[0m
[0mGET /js/home_post.js [33m404[0m 54.094 ms - 154[0m
[0mGET /js/home_post_comment.js [33m404[0m 43.684 ms - 162[0m
[0mGET /css/header.css [33m404[0m 29.265 ms - 153[0m
[0mGET /css/footer.css [33m404[0m 26.766 ms - 153[0m
[0mGET /css/home.css [33m404[0m 25.456 ms - 151[0m
[0mGET /js/chat_engine.js [33m404[0m 7.112 ms - 156[0m
[0mGET /toggle_like.js [33m404[0m 10.670 ms - 153[0m
[0mGET /css/layout.css [33m404[0m 11.090 ms - 153[0m
[0mGET / [32m200[0m 118.868 ms - 11240[0m
[0mGET /js/home_post_comment.js [33m404[0m 45.331 ms - 162[0m
[0mGET /js/home_post.js [33m404[0m 62.952 ms - 154[0m
[0mGET /toggle_like.js [33m404[0m 24.730 ms - 153[0m
[0mGET /js/chat_engine.js [33m404[0m 21.075 ms - 156[0m
[0mGET /users/sign-out [36m302[0m 31.316 ms - 72[0m
[0mGET /users/sign-in [32m200[0m 14.371 ms - 2155[0m
[0mGET /css/layout.css [33m404[0m 23.821 ms - 153[0m
[0mGET /css/header.css [33m404[0m 22.151 ms - 153[0m
[0mGET /css/footer.css [33m404[0m 30.088 ms - 153[0m
[0mGET / [32m200[0m 67.965 ms - 8169[0m
[0mGET /js/home_post.js [33m404[0m 17.460 ms - 154[0m
[0mGET /css/layout.css [33m404[0m 22.878 ms - 153[0m
[0mGET /js/home_post_comment.js [33m404[0m 18.827 ms - 162[0m
[0mGET /css/footer.css [33m404[0m 13.505 ms - 153[0m
[0mGET /css/header.css [33m404[0m 14.387 ms - 153[0m
[0mGET /toggle_like.js [33m404[0m 7.699 ms - 153[0m
[0mGET /css/home.css [33m404[0m 13.179 ms - 151[0m
[0mGET /js/chat_engine.js [33m404[0m 13.513 ms - 156[0m
[0mGET /users/sign-in [36m304[0m 8.230 ms - -[0m
[0mGET /css/header.css [33m404[0m 10.122 ms - 153[0m
[0mGET /css/layout.css [33m404[0m 6.555 ms - 153[0m
[0mGET /css/footer.css [33m404[0m 11.928 ms - 153[0m
[0mPOST /users/createSession [36m302[0m 11.342 ms - 46[0m
[0mGET / [32m200[0m 56.411 ms - 11618[0m
[0mGET /css/layout.css [33m404[0m 26.216 ms - 153[0m
[0mGET /js/home_post.js [33m404[0m 42.073 ms - 154[0m
[0mGET /js/home_post_comment.js [33m404[0m 43.111 ms - 162[0m
[0mGET /css/header.css [33m404[0m 54.285 ms - 153[0m
[0mGET /css/home.css [33m404[0m 54.172 ms - 151[0m
[0mGET /css/footer.css [33m404[0m 54.672 ms - 153[0m
[0mGET /toggle_like.js [33m404[0m 36.894 ms - 153[0m
[0mGET /js/chat_engine.js [33m404[0m 27.013 ms - 156[0m
[0mGET /css/header.css [33m404[0m 9.142 ms - 153[0m
[0mGET /css/footer.css [33m404[0m 10.252 ms - 153[0m
[0mGET /css/layout.css [33m404[0m 13.034 ms - 153[0m
[0mGET /css/home.css [33m404[0m 12.404 ms - 151[0m
[0mGET / [32m200[0m 31.967 ms - 11240[0m
[0mGET /css/layout.css [33m404[0m 47.168 ms - 153[0m
[0mGET /css/header.css [33m404[0m 46.963 ms - 153[0m
[0mGET /js/home_post_comment.js [33m404[0m 47.224 ms - 162[0m
[0mGET /js/home_post.js [33m404[0m 54.490 ms - 154[0m
[0mGET /css/home.css [33m404[0m 39.707 ms - 151[0m
[0mGET /toggle_like.js [33m404[0m 16.257 ms - 153[0m
[0mGET /css/footer.css [33m404[0m 58.283 ms - 153[0m
[0mGET /js/chat_engine.js [33m404[0m 16.917 ms - 156[0m
[0mGET / [36m304[0m 56.097 ms - -[0m
[0mGET /css/layout.css [33m404[0m 54.982 ms - 153[0m
[0mGET /js/home_post.js [33m404[0m 48.672 ms - 154[0m
[0mGET /js/home_post_comment.js [33m404[0m 52.694 ms - 162[0m
[0mGET /css/header.css [33m404[0m 33.672 ms - 153[0m
[0mGET /css/footer.css [33m404[0m 31.363 ms - 153[0m
[0mGET /css/home.css [33m404[0m 27.184 ms - 151[0m
[0mGET /toggle_like.js [33m404[0m 17.531 ms - 153[0m
[0mGET /js/chat_engine.js [33m404[0m 13.168 ms - 156[0m
[0mGET / [36m304[0m 56.634 ms - -[0m
[0mGET /css/layout.css [33m404[0m 33.996 ms - 153[0m
[0mGET /js/home_post.js [33m404[0m 59.498 ms - 154[0m
[0mGET /js/home_post_comment.js [33m404[0m 52.012 ms - 162[0m
[0mGET /css/header.css [33m404[0m 41.610 ms - 153[0m
[0mGET /css/footer.css [33m404[0m 39.584 ms - 153[0m
[0mGET /css/home.css [33m404[0m 37.085 ms - 151[0m
[0mGET /toggle_like.js [33m404[0m 34.020 ms - 153[0m
[0mGET /js/chat_engine.js [33m404[0m 13.516 ms - 156[0m
[0mGET / [32m200[0m 62.348 ms - 8169[0m
[0mGET /js/home_post_comment.js [33m404[0m 4.225 ms - 162[0m
[0mGET /toggle_like.js [33m404[0m 9.206 ms - 153[0m
[0mGET /js/chat_engine.js [33m404[0m 12.198 ms - 156[0m
[0mGET /css/header.css [33m404[0m 9.424 ms - 153[0m
[0mGET /css/layout.css [33m404[0m 10.554 ms - 153[0m
[0mGET /js/home_post.js [33m404[0m 10.971 ms - 154[0m
[0mGET /css/footer.css [33m404[0m 9.118 ms - 153[0m
[0mGET /css/home.css [33m404[0m 9.068 ms - 151[0m
[0mGET /favicon.ico [33m404[0m 4.051 ms - 150[0m
[0mGET /users/sign-in [32m200[0m 10.770 ms - 2155[0m
[0mGET /css/header.css [33m404[0m 7.210 ms - 153[0m
[0mGET /css/layout.css [33m404[0m 5.344 ms - 153[0m
[0mGET /css/footer.css [33m404[0m 8.467 ms - 153[0m
[0mGET /css/layout.css [33m404[0m 11.830 ms - 153[0m
[0mGET /css/header.css [33m404[0m 17.243 ms - 153[0m
[0mGET /css/footer.css [33m404[0m 19.820 ms - 153[0m
[0mGET / [36m304[0m 66.400 ms - -[0m
[0mGET /js/home_post.js [33m404[0m 3.385 ms - 154[0m
[0mGET /js/home_post_comment.js [33m404[0m 7.175 ms - 162[0m
[0mGET /css/footer.css [33m404[0m 15.453 ms - 153[0m
[0mGET /css/header.css [33m404[0m 15.997 ms - 153[0m
[0mGET /css/layout.css [33m404[0m 15.973 ms - 153[0m
[0mGET /css/home.css [33m404[0m 15.409 ms - 151[0m
[0mGET /toggle_like.js [33m404[0m 8.203 ms - 153[0m
[0mGET /js/chat_engine.js [33m404[0m 3.917 ms - 156[0m
[0mGET /css/layout.css [33m404[0m 3.557 ms - 153[0m
[0mGET /css/header.css [33m404[0m 2.321 ms - 153[0m
[0mGET /css/layout.css [33m404[0m 2.306 ms - 153[0m
[0mGET /css/header.css [33m404[0m 2.662 ms - 153[0m
[0mGET /css/footer.css [33m404[0m 4.448 ms - 153[0m
[0mGET /css/home.css [33m404[0m 4.326 ms - 151[0m
[0mGET / [36m304[0m 86.898 ms - -[0m
[0mGET /js/home_post.js [33m404[0m 35.233 ms - 154[0m
[0mGET /js/home_post_comment.js [33m404[0m 43.438 ms - 162[0m
[0mGET /js/chat_engine.js [33m404[0m 43.189 ms - 156[0m
[0mGET /toggle_like.js [33m404[0m 42.743 ms - 153[0m
[0mGET /users/sign-out [36m302[0m 14.978 ms - 72[0m
[0mGET /users/sign-in [36m304[0m 16.522 ms - -[0m
[0mGET /css/layout.css [33m404[0m 9.678 ms - 153[0m
[0mGET /css/header.css [33m404[0m 9.232 ms - 153[0m
[0mGET /css/footer.css [33m404[0m 13.989 ms - 153[0m
[0mGET / [32m200[0m 61.294 ms - 8169[0m
[0mGET /js/home_post.js [33m404[0m 10.949 ms - 154[0m
[0mGET /css/layout.css [33m404[0m 15.759 ms - 153[0m
[0mGET /js/home_post_comment.js [33m404[0m 11.838 ms - 162[0m
[0mGET /css/home.css [33m404[0m 23.967 ms - 151[0m
[0mGET /css/header.css [33m404[0m 24.075 ms - 153[0m
[0mGET /css/footer.css [33m404[0m 24.344 ms - 153[0m
[0mGET /toggle_like.js [33m404[0m 27.817 ms - 153[0m
[0mGET /js/chat_engine.js [33m404[0m 40.261 ms - 156[0m
[0mGET / [36m304[0m 69.243 ms - -[0m
[0mGET /js/home_post.js [33m404[0m 7.713 ms - 154[0m
[0mGET /js/home_post_comment.js [33m404[0m 7.795 ms - 162[0m
[0mGET /toggle_like.js [33m404[0m 6.481 ms - 153[0m
[0mGET /js/chat_engine.js [33m404[0m 4.851 ms - 156[0m
[0mGET /favicon.ico [33m404[0m 4.406 ms - 150[0m
[0mGET /users/sign-in [36m304[0m 5.394 ms - -[0m
[0mGET /css/header.css [33m404[0m 5.289 ms - 153[0m
[0mGET /css/layout.css [33m404[0m 5.466 ms - 153[0m
[0mGET /css/footer.css [33m404[0m 8.242 ms - 153[0m
[0mPOST /users/createSession [36m302[0m 13.072 ms - 46[0m
[0mGET / [32m200[0m 19.527 ms - 11618[0m
[0mGET /js/home_post_comment.js [33m404[0m 15.309 ms - 162[0m
[0mGET /js/home_post.js [33m404[0m 19.774 ms - 154[0m
[0mGET /css/layout.css [33m404[0m 19.950 ms - 153[0m
[0mGET /css/header.css [33m404[0m 19.748 ms - 153[0m
[0mGET /css/home.css [33m404[0m 27.880 ms - 151[0m
[0mGET /css/footer.css [33m404[0m 28.709 ms - 153[0m
[0mGET /toggle_like.js [33m404[0m 13.635 ms - 153[0m
[0mGET /js/chat_engine.js [33m404[0m 8.398 ms - 156[0m
[0mGET /likes/toggle/?id=63d8258f5bc7dfbbacbeb7e6&type=Comment [33m404[0m 15.061 ms - 152[0m
[0mGET /likes/toggle/?id=63e14ccd4e5285e0f3abea37&type=Post [33m404[0m 11.395 ms - 152[0m
[0mGET /likes/toggle/?id=63d033fc9ef6365008da08e3&type=Post [33m404[0m 17.200 ms - 152[0m
[0mGET / [32m200[0m 44.942 ms - 11240[0m
[0mGET /js/home_post.js [33m404[0m 21.356 ms - 154[0m
[0mGET /js/home_post_comment.js [33m404[0m 23.859 ms - 162[0m
[0mGET /js/chat_engine.js [33m404[0m 10.889 ms - 156[0m
[0mGET /toggle_like.js [33m404[0m 11.088 ms - 153[0m
[0mGET /users/sign-out [36m302[0m 16.275 ms - 72[0m
[0mGET /users/sign-in [36m304[0m 8.475 ms - -[0m
[0mGET /css/layout.css [33m404[0m 10.510 ms - 153[0m
[0mGET /css/header.css [33m404[0m 12.372 ms - 153[0m
[0mGET /css/footer.css [33m404[0m 2.994 ms - 153[0m
[0mGET /users/sign-in [32m200[0m 14.038 ms - 2156[0m
[0mGET /users/sign-up [32m200[0m 9.772 ms - 2384[0m
[0mGET /css/footer.css [33m404[0m 9.117 ms - 153[0m
[0mGET /css/layout.css [33m404[0m 7.105 ms - 153[0m
[0mGET /css/header.css [33m404[0m 8.713 ms - 153[0m
[0mGET /users/auth/google [36m302[0m 13.186 ms - 0[0m
[0mGET /users/sign-up [36m304[0m 16.173 ms - -[0m
[0mGET /users/sign-in [36m304[0m 10.468 ms - -[0m
[0mGET /css/header.css [33m404[0m 12.863 ms - 153[0m
[0mGET /css/layout.css [33m404[0m 10.075 ms - 153[0m
[0mGET /css/footer.css [33m404[0m 11.329 ms - 153[0m
[0mGET / [32m200[0m 44.403 ms - 8170[0m
[0mGET /css/layout.css [33m404[0m 2.960 ms - 153[0m
[0mGET /toggle_like.js [33m404[0m 5.720 ms - 153[0m
[0mGET /js/home_post.js [33m404[0m 6.513 ms - 154[0m
[0mGET /js/home_post_comment.js [33m404[0m 10.161 ms - 162[0m
[0mGET /css/header.css [33m404[0m 7.538 ms - 153[0m
[0mGET /css/footer.css [33m404[0m 7.138 ms - 153[0m
[0mGET /js/chat_engine.js [33m404[0m 3.902 ms - 156[0m
[0mGET / [36m304[0m 22.576 ms - -[0m
[0mGET /css/layout.css [33m404[0m 2.805 ms - 153[0m
[0mGET /js/home_post.js [33m404[0m 3.866 ms - 154[0m
[0mGET /js/home_post_comment.js [33m404[0m 5.028 ms - 162[0m
[0mGET /toggle_like.js [33m404[0m 5.038 ms - 153[0m
[0mGET /css/header.css [33m404[0m 9.137 ms - 153[0m
[0mGET /js/chat_engine.js [33m404[0m 5.272 ms - 156[0m
[0mGET /css/home.css [33m404[0m 14.646 ms - 151[0m
[0mGET /css/footer.css [33m404[0m 14.614 ms - 153[0m
[0mGET / [36m304[0m 17.204 ms - -[0m
[0mGET /js/home_post.js [33m404[0m 3.862 ms - 154[0m
[0mGET /css/layout.css [33m404[0m 5.774 ms - 153[0m
[0mGET /js/home_post_comment.js [33m404[0m 3.602 ms - 162[0m
[0mGET /css/header.css [33m404[0m 8.382 ms - 153[0m
[0mGET /css/home.css [33m404[0m 8.371 ms - 151[0m
[0mGET /toggle_like.js [33m404[0m 7.955 ms - 153[0m
[0mGET /css/footer.css [33m404[0m 7.924 ms - 153[0m
[0mGET /js/chat_engine.js [33m404[0m 7.006 ms - 156[0m
[0mGET / [36m304[0m 24.819 ms - -[0m
[0mGET /css/header.css [33m404[0m 7.359 ms - 153[0m
[0mGET /css/layout.css [33m404[0m 7.707 ms - 153[0m
[0mGET /js/home_post_comment.js [33m404[0m 7.703 ms - 162[0m
[0mGET /js/home_post.js [33m404[0m 4.966 ms - 154[0m
[0mGET /css/footer.css [33m404[0m 7.087 ms - 153[0m
[0mGET /css/home.css [33m404[0m 10.284 ms - 151[0m
[0mGET /toggle_like.js [33m404[0m 5.235 ms - 153[0m
[0mGET /js/chat_engine.js [33m404[0m 6.097 ms - 156[0m
[0mGET / [36m304[0m 15.428 ms - -[0m
[0mGET /css/footer.css [33m404[0m 12.985 ms - 153[0m
[0mGET /css/header.css [33m404[0m 13.038 ms - 153[0m
[0mGET /css/layout.css [33m404[0m 12.705 ms - 153[0m
[0mGET /js/home_post_comment.js [33m404[0m 12.349 ms - 162[0m
[0mGET /js/home_post.js [33m404[0m 7.637 ms - 154[0m
[0mGET /css/home.css [33m404[0m 13.060 ms - 151[0m
[0mGET /toggle_like.js [33m404[0m 6.829 ms - 153[0m
[0mGET /js/chat_engine.js [33m404[0m 6.450 ms - 156[0m
[0mGET / [36m304[0m 34.768 ms - -[0m
[0mGET /css/layout.css [33m404[0m 8.625 ms - 153[0m
[0mGET /js/home_post.js [33m404[0m 6.246 ms - 154[0m
[0mGET /js/home_post_comment.js [33m404[0m 10.556 ms - 162[0m
[0mGET /css/footer.css [33m404[0m 8.804 ms - 153[0m
[0mGET /css/header.css [33m404[0m 8.321 ms - 153[0m
[0mGET /js/chat_engine.js [33m404[0m 10.409 ms - 156[0m
[0mGET /css/home.css [33m404[0m 9.376 ms - 151[0m
[0mGET /toggle_like.js [33m404[0m 12.647 ms - 153[0m
[0mGET / [36m304[0m 36.564 ms - -[0m
[0mGET /js/home_post.js [33m404[0m 7.737 ms - 154[0m
[0mGET /js/home_post_comment.js [33m404[0m 9.577 ms - 162[0m
[0mGET /toggle_like.js [33m404[0m 6.356 ms - 153[0m
[0mGET /js/chat_engine.js [33m404[0m 5.689 ms - 156[0m
[0mGET /users/sign-up [36m304[0m 8.464 ms - -[0m
[0mGET /css/layout.css [33m404[0m 5.416 ms - 153[0m
[0mGET /css/header.css [33m404[0m 4.866 ms - 153[0m
[0mGET /css/footer.css [33m404[0m 6.019 ms - 153[0m
[0mGET /users/auth/google [36m302[0m 9.565 ms - 0[0m
[0mGET /users/sign-up [36m304[0m 21.437 ms - -[0m
[0mGET /favicon.ico [33m404[0m 5.988 ms - 150[0m
[0mGET / [36m304[0m 28.121 ms - -[0m
[0mGET /js/home_post.js [33m404[0m 7.157 ms - 154[0m
[0mGET /css/layout.css [33m404[0m 7.641 ms - 153[0m
[0mGET /js/home_post_comment.js [33m404[0m 7.976 ms - 162[0m
[0mGET /css/header.css [33m404[0m 9.765 ms - 153[0m
[0mGET /js/chat_engine.js [33m404[0m 4.129 ms - 156[0m
[0mGET /css/footer.css [33m404[0m 9.665 ms - 153[0m
[0mGET /toggle_like.js [33m404[0m 6.232 ms - 153[0m
[0mGET /css/layout.css [33m404[0m 3.508 ms - 153[0m
[0mGET /css/footer.css [33m404[0m 7.297 ms - 153[0m
[0mGET /css/header.css [33m404[0m 5.906 ms - 153[0m
[0mGET /css/home.css [33m404[0m 7.131 ms - 151[0m
[0mGET / [36m304[0m 15.876 ms - -[0m
[0mGET /js/home_post.js [33m404[0m 6.394 ms - 154[0m
[0mGET /css/layout.css [33m404[0m 9.003 ms - 153[0m
[0mGET /js/home_post_comment.js [33m404[0m 5.923 ms - 162[0m
[0mGET /css/footer.css [33m404[0m 9.639 ms - 153[0m
[0mGET /css/header.css [33m404[0m 9.426 ms - 153[0m
[0mGET /toggle_like.js [33m404[0m 11.660 ms - 153[0m
[0mGET /css/home.css [33m404[0m 9.893 ms - 151[0m
[0mGET /js/chat_engine.js [33m404[0m 11.117 ms - 156[0m
[0mGET / [36m304[0m 25.304 ms - -[0m
[0mGET /users/sign-in [36m304[0m 3.200 ms - -[0m
[0mGET /users/sign-up [36m304[0m 7.960 ms - -[0m
[0mGET /users/auth/google [36m302[0m 3.556 ms - 0[0m
[0mGET /users/auth/google [36m302[0m 10.183 ms - 0[0m
[0mGET /users/sign-up [36m304[0m 8.360 ms - -[0m
[0mGET /users/sign-up [36m304[0m 5.676 ms - -[0m
[0mGET /users/sign-up [36m304[0m 2.860 ms - -[0m
[0mGET /users/auth/google [36m302[0m 9.357 ms - 0[0m
[0mGET / [36m304[0m 20.121 ms - -[0m
[0mGET / [36m304[0m 23.652 ms - -[0m
[0mGET / [36m304[0m 16.560 ms - -[0m
[0mGET /users/sign-in [36m304[0m 6.202 ms - -[0m
[0mGET /users/sign-up [36m304[0m 5.399 ms - -[0m
[0mGET /users/auth/google [36m302[0m 7.191 ms - 0[0m
[0mGET /users/sign-up [36m304[0m 8.625 ms - -[0m
[0mGET / [36m304[0m 21.794 ms - -[0m
[0mGET /users/sign-up [36m304[0m 3.264 ms - -[0m
[0mGET /users/auth/google [36m302[0m 2.678 ms - 0[0m
[0mGET /users/sign-up [36m304[0m 6.617 ms - -[0m
[0mGET /users/sign-up [36m304[0m 6.598 ms - -[0m
[0mGET /users/sign-up [36m304[0m 4.510 ms - -[0m
[0mGET /users/auth/google [36m302[0m 4.010 ms - 0[0m
[0mGET /users/sign-up [36m304[0m 19.111 ms - -[0m
[0mGET /favicon.ico [33m404[0m 12.383 ms - 150[0m
[0mGET / [32m200[0m 52.997 ms - 8170[0m
[0mGET /users/sign-up [36m304[0m 3.918 ms - -[0m
[0mGET /users/auth/google [36m302[0m 3.293 ms - 0[0m
[0mGET /users/auth/google/callback?code=4%2F0AWtgzh7G3vPeAnitWkhGZUic0opHBEDVB0Aw3hUnlYdqv1JSIldFZtIorbvjDT3aEpSMxg&scope=email+profile+https%3A%2F%2Fwww.googleapis.com%2Fauth%2Fuserinfo.profile+https%3A%2F%2Fwww.googleapis.com%2Fauth%2Fuserinfo.email+openid&authuser=0&prompt=consent [36m302[0m 423.752 ms - 46[0m
[0mGET / [32m200[0m 18.947 ms - 11511[0m
[0mGET / [32m200[0m 37.698 ms - 8170[0m
[0mGET /favicon.ico [33m404[0m 3.693 ms - 150[0m
[0mGET /users/sign-up [36m304[0m 2.699 ms - -[0m
[0mGET /users/auth/google [36m302[0m 3.508 ms - 0[0m
[0mGET /users/auth/google/callback?code=4%2F0AWtgzh5wHoEPpkKxZrkaIKMvC-phmLGf7a-jCwMF9Wb4QewhYYi-8L5vOYGgmAoZMVTjng&scope=email+profile+https%3A%2F%2Fwww.googleapis.com%2Fauth%2Fuserinfo.profile+https%3A%2F%2Fwww.googleapis.com%2Fauth%2Fuserinfo.email+openid&authuser=0&prompt=consent [36m302[0m 398.483 ms - 46[0m
[0mGET / [32m200[0m 12.156 ms - 11511[0m
[0mGET / [32m200[0m 34.979 ms - 8170[0m
[0mGET /favicon.ico [33m404[0m 3.666 ms - 150[0m
[0mGET / [36m304[0m 12.407 ms - -[0m
[0mGET /users/sign-up [32m200[0m 7.361 ms - 2384[0m
[0mGET /users/sign-in [32m200[0m 11.154 ms - 2156[0m
[0mGET /users/sign-up [36m304[0m 2.033 ms - -[0m
[0mGET /users/auth/google [36m302[0m 2.241 ms - 0[0m
[0mGET /users/auth/google/callback?code=4%2F0AWtgzh6oVtgt1Xrs0vr4Y8z-c-fcPlzOvc_Ln1OHTFdlSVbm-rYdSGiAwzEp4ODkmSwTeA&scope=email+profile+https%3A%2F%2Fwww.googleapis.com%2Fauth%2Fuserinfo.profile+https%3A%2F%2Fwww.googleapis.com%2Fauth%2Fuserinfo.email+openid&authuser=0&prompt=consent [36m302[0m 764.750 ms - 46[0m
[0mGET / [32m200[0m 10.907 ms - 11511[0m
[0mPOST /post/create [32m200[0m 8.472 ms - 238[0m
[0mPOST /likes/toggle/?id=63fdfa7877d9f38154ee6420&type=Post [32m200[0m 7.486 ms - 58[0m
[0mGET /post/destroy/63fdfa7877d9f38154ee6420 [36m302[0m 5.878 ms - 88[0m
[0mGET / [32m200[0m 8.854 ms - 12944[0m
[0mGET /posts/destroy/63fdfa7877d9f38154ee6420 [33m404[0m 3.013 ms - 177[0m
[0mGET / [32m200[0m 11.224 ms - 12662[0m
[0mPOST /post/create [32m200[0m 4.649 ms - 242[0m
[0mGET /post/destroy/63fdfa8c77d9f38154ee643a [36m302[0m 4.568 ms - 88[0m
[0mGET / [32m200[0m 9.319 ms - 14475[0m
[0mGET /posts/destroy/63fdfa7877d9f38154ee6420 [33m404[0m 2.812 ms - 177[0m
[0mGET / [32m200[0m 9.581 ms - 14193[0m
[0mGET / [36m304[0m 12.835 ms - -[0m
[0mGET / [36m304[0m 12.829 ms - -[0m
[0mGET / [36m304[0m 10.795 ms - -[0m
[0mGET / [36m304[0m 10.339 ms - -[0m
[0mGET / [36m304[0m 8.038 ms - -[0m
[0mPOST /likes/toggle/?id=63fdfa7877d9f38154ee6420&type=Post [32m200[0m 5.150 ms - 58[0m
[0mPOST /likes/toggle/?id=63fdfa7877d9f38154ee6420&type=Post [32m200[0m 6.922 ms - 57[0m
[0mGET /posts/destroy/63fdfa7877d9f38154ee6420 [33m404[0m 2.239 ms - 177[0m
[0mPOST /likes/toggle/?id=63e14ccd4e5285e0f3abea37&type=Post [32m200[0m 6.047 ms - 57[0m
[0mPOST /likes/toggle/?id=63e14ccd4e5285e0f3abea37&type=Post [32m200[0m 6.860 ms - 58[0m
