[0mGET / [32m200[0m 64.883 ms - 9570[0m
[0mGET /favicon.ico [33m404[0m 6.361 ms - 150[0m
[0mGET /users/profile/63d693767cc2d06e0b46bcd3 [36m302[0m 4.145 ms - 72[0m
[0mGET /users/sign-in [36m304[0m 2.959 ms - -[0m
[0mPOST /users/createSession [36m302[0m 6.039 ms - 72[0m
[0mGET /users/sign-in [32m200[0m 2.594 ms - 2448[0m
[0mPOST /users/createSession [36m302[0m 13.804 ms - 46[0m
[0mGET / [32m200[0m 24.768 ms - 14403[0m
[0mGET / [32m200[0m 19.413 ms - 14025[0m
[0mGET / [32m200[0m 18.524 ms - 14025[0m
[0mGET /favicon.ico [33m404[0m 4.948 ms - 150[0m
[0mGET /users/sign-out [36m302[0m 4.132 ms - 72[0m
[0mGET /users/sign-in [32m200[0m 2.073 ms - 2156[0m
[0mGET /users/sign-up [36m304[0m 5.809 ms - -[0m
[0mGET /users/auth/google [36m302[0m 5.160 ms - 0[0m
[0mGET /users/auth/google/callback?code=4/0AWtgzh46o-yrB_XBI71ocrsZztbh7ONMdOdlw72g_N2mij-NdtAEXUEfOaylz__jpgfQiQ&scope=email%20profile%20https://www.googleapis.com/auth/userinfo.profile%20https://www.googleapis.com/auth/userinfo.email%20openid&authuser=1&hd=student.nitw.ac.in&prompt=consent [36m302[0m 611.049 ms - 46[0m
[0mGET / [32m200[0m 15.592 ms - 14440[0m
[0mGET / [32m200[0m 68.131 ms - 9570[0m
[0mGET /favicon.ico [33m404[0m 8.447 ms - 150[0m
[0mGET /users/sign-up [36m304[0m 16.376 ms - -[0m
[0mGET /users/auth/google [36m302[0m 5.075 ms - 0[0m
[0mGET /users/auth/google/callback?code=4%2F0AWtgzh4BYccv2rwObDJixfIJ1hskxuUCJu3mDEs1eq1buj1Lzae4VDP8RBoPhRImJ0SXMA&scope=email+profile+https%3A%2F%2Fwww.googleapis.com%2Fauth%2Fuserinfo.profile+https%3A%2F%2Fwww.googleapis.com%2Fauth%2Fuserinfo.email+openid&authuser=0&prompt=consent [36m302[0m 647.123 ms - 46[0m
[0mGET / [32m200[0m 16.888 ms - 14571[0m
[0mGET /users/sign-out [36m302[0m 8.004 ms - 72[0m
[0mGET /users/sign-in [32m200[0m 5.686 ms - 2530[0m
[0mGET / [32m200[0m 16.413 ms - 9570[0m
[0mGET /users/sign-in [32m200[0m 2.730 ms - 2156[0m
[0mGET /users/sign-up [36m304[0m 3.775 ms - -[0m
[0mGET /users/auth/google [36m302[0m 3.486 ms - 0[0m
[0mGET /users/auth/google/callback?code=4%2F0AWtgzh4HUJ-1pwhjng_960bB9jYLkPBm7CBcoiXluS3AplK64fKYvZPv9tt_nLxZKZDc3w&scope=email+profile+https%3A%2F%2Fwww.googleapis.com%2Fauth%2Fuserinfo.profile+https%3A%2F%2Fwww.googleapis.com%2Fauth%2Fuserinfo.email+openid&authuser=0&prompt=consent [36m302[0m 332.963 ms - 46[0m
[0mGET / [32m200[0m 19.271 ms - 14571[0m
[0mGET /users/sign-out [36m302[0m 7.287 ms - 72[0m
[0mGET /users/sign-in [36m304[0m 2.474 ms - -[0m
[0mGET / [32m200[0m 14.583 ms - 9570[0m
[0mGET /users/profile/63c584828565c0bb8221a9fc [36m302[0m 3.510 ms - 72[0m
[0mGET /users/sign-in [36m304[0m 3.782 ms - -[0m
[0mGET /users/profile/63df770804da150f49f6998f [36m302[0m 3.518 ms - 72[0m
[0mGET /users/sign-in [36m304[0m 3.340 ms - -[0m
[0mGET /users/sign-up [36m304[0m 3.737 ms - -[0m
[0mGET /users/auth/google [36m302[0m 3.729 ms - 0[0m
[0mGET /users/auth/google/callback?code=4%2F0AWtgzh53kR1QYvkF7E9Hzs5NEf7g_zdYT7zTRa5EmrOyjttAIz-I3y-y9NFHtzsU9-Mn5A&scope=email+profile+https%3A%2F%2Fwww.googleapis.com%2Fauth%2Fuserinfo.profile+https%3A%2F%2Fwww.googleapis.com%2Fauth%2Fuserinfo.email+openid&authuser=0&prompt=consent [36m302[0m 344.098 ms - 46[0m
[0mGET / [32m200[0m 18.181 ms - 14571[0m
[0mPOST /post/create [32m200[0m 10.052 ms - 238[0m
[0mPOST /post/create [32m200[0m 9.190 ms - 238[0m
[0mGET /post/destroy/6401ffc3ea5a395584973630 [36m302[0m 12.264 ms - 88[0m
[0mGET / [32m200[0m 16.033 ms - 17533[0m
[0mGET /posts/destroy/6401ffc3ea5a395584973630 [33m404[0m 9.107 ms - 177[0m
[0mGET /posts/destroy/6401ffc3ea5a395584973630 [33m404[0m 3.388 ms - 177[0m
[0mGET /posts/destroy/6401ffc3ea5a395584973630 [33m404[0m 9.829 ms - 177[0m
[0mGET /posts/destroy/6401ffc3ea5a395584973630 [33m404[0m 6.041 ms - 177[0m
[0mGET /posts/destroy/6401ffc3ea5a395584973630 [33m404[0m 5.157 ms - 177[0m
[0mGET / [32m200[0m 15.275 ms - 17251[0m
[0mGET / [36m304[0m 14.764 ms - -[0m
[0mGET / [36m304[0m 12.251 ms - -[0m
[0mGET /posts/destroy/6401ff67ea5a39558497362d [33m404[0m 6.170 ms - 177[0m
[0mGET / [32m200[0m 39.945 ms - 17311[0m
[0mGET /? [32m200[0m 24.443 ms - 17311[0m
[0mPOST /likes/toggle/?id=63d8258f5bc7dfbbacbeb7e6&type=Comment [32m200[0m 18.680 ms - 58[0m
[0mPOST /likes/toggle/?id=63e14cd64e5285e0f3abea41&type=Comment [32m200[0m 12.211 ms - 58[0m
[0mGET /? [32m200[0m 22.295 ms - 17311[0m
[0mGET /? [36m304[0m 28.719 ms - -[0m
[0mGET / [32m200[0m 17.765 ms - 17311[0m
[0mGET /? [36m304[0m 14.517 ms - -[0m
[0mPOST /post/create [36m302[0m 2.631 ms - 36[0m
[0mGET /users/sign-in [36m304[0m 13.243 ms - -[0m
[0mPOST /comments/create [36m302[0m 3.476 ms - 72[0m
[0mGET /users/sign-in [36m304[0m 4.217 ms - -[0m
[0mPOST /users/createSession [36m302[0m 15.979 ms - 46[0m
[0mGET / [32m200[0m 37.457 ms - 17245[0m
[0mPOST /comments/create [36m302[0m 20.971 ms - 46[0m
[0mGET / [32m200[0m 29.594 ms - 17818[0m
[0mGET /favicon.ico [33m404[0m 3.801 ms - 150[0m
[0mGET /users/sign-out [36m302[0m 9.642 ms - 72[0m
[0mGET /users/sign-in [36m304[0m 8.882 ms - -[0m
[0mGET /users/sign-up [36m304[0m 3.081 ms - -[0m
[0mGET /users/auth/google [36m302[0m 4.368 ms - 0[0m
[0mGET /users/auth/google/callback?code=4%2F0AWtgzh6WECtSBsCjhXgyestglcn3-5ajctr7qFozBGW5Ievyc0bOQBiTKbCImDCYEyjdow&scope=email+profile+https%3A%2F%2Fwww.googleapis.com%2Fauth%2Fuserinfo.profile+https%3A%2F%2Fwww.googleapis.com%2Fauth%2Fuserinfo.email+openid&authuser=0&prompt=consent [36m302[0m 557.450 ms - 46[0m
[0mGET / [32m200[0m 45.523 ms - 18270[0m
[0mGET / [32m200[0m 19.070 ms - 17892[0m
[0mGET /users/profile/63df770804da150f49f6998f [32m200[0m 8.978 ms - 3868[0m
[0mGET / [36m304[0m 16.826 ms - -[0m
[0mPOST /likes/toggle/?id=6401ffc3ea5a395584973630&type=Post [32m200[0m 21.637 ms - 58[0m
[0mGET / [32m200[0m 64.743 ms - 11400[0m
[0mGET /favicon.ico [33m404[0m 7.688 ms - 150[0m
[0mGET /users/sign-up [36m304[0m 7.370 ms - -[0m
[0mGET /users/auth/google [36m302[0m 6.360 ms - 0[0m
[0mGET /users/auth/google/callback?code=4%2F0AWtgzh53g_cHT221iT8_WuMrmW2XnHDD6XCsTt95dqx5wd4u8-oYvkmQdoaQylI0ubCPwg&scope=email+profile+https%3A%2F%2Fwww.googleapis.com%2Fauth%2Fuserinfo.profile+https%3A%2F%2Fwww.googleapis.com%2Fauth%2Fuserinfo.email+openid&authuser=0&prompt=consent [36m302[0m 1809.772 ms - 46[0m
[0mGET / [32m200[0m 22.623 ms - 18270[0m
[0mGET /? [32m200[0m 23.457 ms - 17892[0m
[0mPOST /comments/create [36m302[0m 25.030 ms - 46[0m
[0mGET / [32m200[0m 34.439 ms - 18839[0m
[0mPOST /likes/toggle/?id=6406be6430acfa82b46ce99b&type=Comment [32m200[0m 18.838 ms - 58[0m
[0mPOST /likes/toggle/?id=6406be6430acfa82b46ce99b&type=Comment [32m200[0m 17.282 ms - 57[0m
[0mGET /posts/destroy/6401ffc3ea5a395584973630 [33m404[0m 9.281 ms - 177[0m
[0mGET /posts/destroy/6401ffc3ea5a395584973630 [33m404[0m 7.231 ms - 177[0m
[0mGET /posts/destroy/6401ffc3ea5a395584973630 [33m404[0m 12.416 ms - 177[0m
[0mGET /posts/destroy/6401ffc3ea5a395584973630 [33m404[0m 4.784 ms - 177[0m
[0mGET /posts/destroy/6401ff67ea5a39558497362d [33m404[0m 3.188 ms - 177[0m
[0mGET / [32m200[0m 28.286 ms - 18469[0m
[0mGET /posts/destroy/6401ffc3ea5a395584973630 [33m404[0m 9.305 ms - 177[0m
[0mGET /posts/destroy/6401ff67ea5a39558497362d [33m404[0m 4.706 ms - 177[0m
[0mGET / [36m304[0m 48.655 ms - -[0m
[0mGET /? [32m200[0m 29.532 ms - 18469[0m
[0mGET /? [32m200[0m 23.694 ms - 6096[0m
[0mGET /? [36m304[0m 37.840 ms - -[0m
[0mGET /? [36m304[0m 34.875 ms - -[0m
[0mGET /? [36m304[0m 13.624 ms - -[0m
[0mGET /? [36m304[0m 14.133 ms - -[0m
[0mPOST /post/create [32m200[0m 9.875 ms - 238[0m
[0mGET /? [32m200[0m 32.691 ms - 7625[0m
[0mPOST /comments/create [36m302[0m 25.584 ms - 46[0m
[0mGET / [32m200[0m 18.808 ms - 8571[0m
[0mGET / [32m200[0m 17.313 ms - 8201[0m
[0mPOST /post/create [32m200[0m 8.119 ms - 238[0m
[0mGET / [32m200[0m 25.976 ms - 9730[0m
[0mGET /posts/destroy/6406c2d945d0c0fda30cd1e7 [33m404[0m 6.229 ms - 177[0m
[0mGET / [36m304[0m 23.212 ms - -[0m
[0mGET /posts/destroy/6406c2d945d0c0fda30cd1e7 [33m404[0m 6.746 ms - 177[0m
[0mGET / [32m200[0m 48.356 ms - 9922[0m
[0mGET /posts/destroy/6406c2d945d0c0fda30cd1e7 [33m404[0m 9.415 ms - 177[0m
[0mGET / [36m304[0m 50.414 ms - -[0m
[0mGET /posts/destroy/6406c2d945d0c0fda30cd1e7 [33m404[0m 6.343 ms - 177[0m
[0mGET / [36m304[0m 46.891 ms - -[0m
[0mGET /posts/destroy/6406c2d945d0c0fda30cd1e7 [33m404[0m 13.463 ms - 177[0m
[0mPOST /post/create [32m200[0m 9.807 ms - 244[0m
[0mGET / [32m200[0m 30.709 ms - 11455[0m
[0mGET /posts/destroy/6406c724bb262634f34cde54 [33m404[0m 5.618 ms - 177[0m
[0mGET / [36m304[0m 68.378 ms - -[0m
[0mPOST /post/create [32m200[0m 15.930 ms - 242[0m
[0mGET / [32m200[0m 32.151 ms - 12986[0m
[0mGET /posts/destroy/6406c80bfa9bf0160c2efcc6 [33m404[0m 9.847 ms - 177[0m
[0mGET / [32m200[0m 56.771 ms - 12986[0m
[0mGET /posts/destroy/6406c80bfa9bf0160c2efcc6 [33m404[0m 4.688 ms - 177[0m
[0mPOST /comments/create [32m200[0m 25.335 ms - 269[0m
[0mGET / [32m200[0m 45.569 ms - 13759[0m
[0mGET /comments/destroy/6406c8481c1a72dab24f0f4f [32m200[0m 15.576 ms - 75[0m
[0mGET /comments/destroy/6406c2cf45d0c0fda30cd1d6 [32m200[0m 13.157 ms - 75[0m
[0mGET /posts/destroy/6406c80bfa9bf0160c2efcc6 [33m404[0m 8.519 ms - 177[0m
[0mGET / [32m200[0m 48.436 ms - 12218[0m
[0mGET / [36m304[0m 17.542 ms - -[0m
[0mGET /posts/destroy/6406c724bb262634f34cde54 [33m404[0m 20.131 ms - 177[0m
[0mGET / [32m200[0m 44.929 ms - 12214[0m
[0mGET /post/destroy/6406c80bfa9bf0160c2efcc6 [36m302[0m 12.524 ms - 44[0m
[0mGET / [32m200[0m 11.327 ms - 12496[0m
[0mGET / [32m200[0m 24.324 ms - 12214[0m
[0mGET / [36m304[0m 16.653 ms - -[0m
[0mGET /post/destroy/6406c2d945d0c0fda30cd1e7 [36m302[0m 11.324 ms - 44[0m
[0mGET / [32m200[0m 17.448 ms - 12496[0m
[0mPOST /post/create [32m200[0m 17.633 ms - 237[0m
[0mGET / [32m200[0m 36.595 ms - 13741[0m
[0mGET /post/destroy/6406ca51dc322318b2869434 [36m302[0m 18.024 ms - 44[0m
[0mGET / [32m200[0m 14.948 ms - 14023[0m
[0mPOST /post/create [32m200[0m 8.845 ms - 241[0m
[0mGET /post/destroy/6406ca73dc322318b2869444 [36m302[0m 12.979 ms - 44[0m
[0mGET / [32m200[0m 27.881 ms - 15552[0m
[0mGET / [32m200[0m 24.190 ms - 15270[0m
[0mGET /post/destroy/6406ca73dc322318b2869444 [36m302[0m 11.777 ms - 44[0m
[0mGET / [32m200[0m 11.588 ms - 15552[0m
[0mGET / [32m200[0m 71.363 ms - 15270[0m
[0mGET /post/destroy/6406ca73dc322318b2869444 [36m302[0m 10.635 ms - 44[0m
[0mGET / [32m200[0m 16.626 ms - 15552[0m
[0mGET / [32m200[0m 50.322 ms - 15270[0m
[0mGET /post/destroy/6406ca73dc322318b2869444 [36m302[0m 16.928 ms - 88[0m
[0mGET / [32m200[0m 26.882 ms - 15552[0m
[0mGET / [32m200[0m 25.222 ms - 15270[0m
[0mGET /post/destroy/6406ca73dc322318b2869444 [36m302[0m 11.395 ms - 88[0m
[0mGET / [32m200[0m 16.665 ms - 15552[0m
[0mGET /post/destroy/6406ca73dc322318b2869444 [36m302[0m 10.488 ms - 88[0m
[0mGET / [36m304[0m 14.594 ms - -[0m
[0mGET /post/destroy/6406ca51dc322318b2869434 [36m302[0m 11.864 ms - 88[0m
[0mGET / [36m304[0m 16.596 ms - -[0m
[0mGET /post/destroy/6406c80bfa9bf0160c2efcc6 [36m302[0m 14.469 ms - 88[0m
[0mGET / [36m304[0m 21.000 ms - -[0m
[0mGET / [32m200[0m 49.820 ms - 15270[0m
[0mGET /post/destroy/6406ca73dc322318b2869444 [36m302[0m 14.940 ms - 88[0m
[0mGET / [32m200[0m 19.137 ms - 15552[0m
[0mGET /post/destroy/6406ca51dc322318b2869434 [36m302[0m 11.742 ms - 88[0m
[0mGET / [36m304[0m 24.021 ms - -[0m
[0mGET / [32m200[0m 25.713 ms - 15270[0m
[0mGET / [36m304[0m 24.784 ms - -[0m
[0mGET / [36m304[0m 33.159 ms - -[0m
[0mGET /post/destroy/6406ca51dc322318b2869434 [36m302[0m 13.485 ms - 88[0m
[0mGET / [32m200[0m 26.143 ms - 15552[0m
[0mGET /post/destroy/6406c80bfa9bf0160c2efcc6 [36m302[0m 11.977 ms - 88[0m
[0mGET / [36m304[0m 19.637 ms - -[0m
[0mPOST /posts/create [33m404[0m 3.703 ms - 152[0m
[0mPOST /posts/create [33m404[0m 8.581 ms - 152[0m
[0mGET / [32m200[0m 41.768 ms - 15270[0m
[0mGET /post/destroy/6406ca73dc322318b2869444 [36m302[0m 19.693 ms - 88[0m
[0mGET / [32m200[0m 14.487 ms - 15552[0m
[0mGET /post/destroy/6406ca51dc322318b2869434 [36m302[0m 14.352 ms - 88[0m
[0mGET / [36m304[0m 20.918 ms - -[0m
[0mPOST /post/create [32m200[0m 9.098 ms - 237[0m
[0mGET /post/destroy/6406cc16d7d5773b143bf49f [36m302[0m 15.035 ms - 44[0m
[0mGET / [32m200[0m 18.595 ms - 17079[0m
[0mGET / [32m200[0m 20.130 ms - 16797[0m
[0mGET /post/destroy/6406ca73dc322318b2869444 [36m302[0m 9.618 ms - 88[0m
[0mGET / [32m200[0m 15.382 ms - 17079[0m
[0mGET /post/destroy/6406cc16d7d5773b143bf49f [36m302[0m 5.999 ms - 88[0m
[0mGET / [36m304[0m 13.188 ms - -[0m
[0mGET /post/destroy/6406ca51dc322318b2869434 [36m302[0m 12.370 ms - 88[0m
[0mGET / [36m304[0m 27.216 ms - -[0m
[0mGET / [32m200[0m 58.831 ms - 16797[0m
[0mGET /post/destroy/6406ca51dc322318b2869434 [36m302[0m 16.454 ms - 44[0m
[0mGET / [32m200[0m 14.545 ms - 17079[0m
[0mGET / [32m200[0m 46.199 ms - 16797[0m
[0mGET / [36m304[0m 21.021 ms - -[0m
[0mGET /post/destroy/6406ca73dc322318b2869444 [36m302[0m 25.897 ms - 44[0m
[0mGET / [32m200[0m 23.002 ms - 17079[0m
[0mGET /post/destroy/6406ca73dc322318b2869444 [36m302[0m 27.952 ms - 46[0m
[0mGET / [36m304[0m 30.621 ms - -[0m
[0mGET / [32m200[0m 47.194 ms - 16797[0m
[0mGET /post/destroy/6406ca51dc322318b2869434 [36m302[0m 15.017 ms - 44[0m
[0mGET / [32m200[0m 19.789 ms - 17079[0m
[0mGET / [32m200[0m 46.544 ms - 16797[0m
[0mGET /post/destroy/6406cc16d7d5773b143bf49f [36m302[0m 17.470 ms - 44[0m
[0mGET / [32m200[0m 16.024 ms - 17079[0m
[0mGET / [32m200[0m 45.532 ms - 16797[0m
[0mGET /post/destroy/6406ca73dc322318b2869444 [36m302[0m 22.665 ms - 44[0m
[0mGET / [32m200[0m 15.020 ms - 17079[0m
[0mGET /post/destroy/6406ca73dc322318b2869444 [36m302[0m 15.022 ms - 46[0m
[0mGET / [36m304[0m 14.757 ms - -[0m
[0mGET / [32m200[0m 52.010 ms - 16797[0m
[0mGET /post/destroy/6406cc16d7d5773b143bf49f [36m302[0m 12.128 ms - 44[0m
[0mGET / [32m200[0m 27.165 ms - 17079[0m
[0mGET / [32m200[0m 46.528 ms - 16797[0m
[0mGET /post/destroy/6406cc16d7d5773b143bf49f [36m302[0m 20.387 ms - 44[0m
[0mGET / [32m200[0m 17.330 ms - 17079[0m
[0mGET / [32m200[0m 65.661 ms - 16797[0m
[0mGET /post/destroy/6406cc16d7d5773b143bf49f [32m200[0m 25.272 ms - 72[0m
[0mGET /post/destroy/6406ca73dc322318b2869444 [32m200[0m 17.733 ms - 72[0m
[0mGET /post/destroy/6406ca51dc322318b2869434 [32m200[0m 32.438 ms - 72[0m
[0mGET / [32m200[0m 38.840 ms - 7855[0m
[0mGET /favicon.ico [33m404[0m 3.040 ms - 150[0m
[0mGET / [32m200[0m 30.864 ms - 8329[0m
[0mGET /js/toggle_likes.js [33m404[0m 3.260 ms - 157[0m
[0mGET /favicon.ico [33m404[0m 2.117 ms - 150[0m
[0mGET / [36m304[0m 29.958 ms - -[0m
[0mGET /js/toggle_likes.js [33m404[0m 5.731 ms - 157[0m
[0mGET /users/sign-up [32m200[0m 3.422 ms - 2619[0m
[0mGET /users/css/layout.css [33m404[0m 8.106 ms - 159[0m
[0mGET /users/css/header.css [33m404[0m 7.677 ms - 159[0m
[0mGET /users/css/footer.css [33m404[0m 11.504 ms - 159[0m
[0mGET /users/auth/google [36m302[0m 2.944 ms - 0[0m
[0mGET /users/auth/google/callback?code=4%2F0AWtgzh4Hv43MZ3_NE9PQJ5rOMtfZHq8pu0Q4yujUZ-kTLe86rXrdqIvIgPlvOh2JFQoPZg&scope=email+profile+https%3A%2F%2Fwww.googleapis.com%2Fauth%2Fuserinfo.profile+https%3A%2F%2Fwww.googleapis.com%2Fauth%2Fuserinfo.email+openid&authuser=0&prompt=consent [31m500[0m 849.456 ms - 148[0m
[0mGET / [36m304[0m 51.090 ms - -[0m
[0mGET /js/toggle_likes.js [33m404[0m 7.434 ms - 157[0m
[0mGET /favicon.ico [33m404[0m 3.800 ms - 150[0m
[0mGET /users/sign-up [36m304[0m 5.542 ms - -[0m
[0mGET /users/css/layout.css [33m404[0m 4.607 ms - 159[0m
[0mGET /users/css/header.css [33m404[0m 5.736 ms - 159[0m
[0mGET /users/css/footer.css [33m404[0m 9.645 ms - 159[0m
[0mGET /users/auth/google [36m302[0m 3.521 ms - 0[0m
[0mGET /users/auth/google/callback?code=4%2F0AWtgzh6jxpiZxPnT6H8asRF5VnR6QqX0Y2lAFTtXsNP6XhxQ2MNCiw8ITuA6IY0zLfY7dg&scope=email+profile+https%3A%2F%2Fwww.googleapis.com%2Fauth%2Fuserinfo.profile+https%3A%2F%2Fwww.googleapis.com%2Fauth%2Fuserinfo.email+openid&authuser=0&prompt=consent [36m302[0m 1232.499 ms - 46[0m
[0mGET / [32m200[0m 27.625 ms - 13066[0m
[0mGET /js/toggle_likes.js [33m404[0m 9.626 ms - 157[0m
[0mGET / [32m200[0m 18.482 ms - 12688[0m
[0mGET /js/toggle_likes.js [33m404[0m 8.571 ms - 157[0m
[0mGET / [36m304[0m 18.922 ms - -[0m
[0mGET /js/toggle_likes.js [33m404[0m 7.231 ms - 157[0m
[0mGET / [36m304[0m 12.613 ms - -[0m
[0mGET /js/toggle_likes.js [33m404[0m 6.156 ms - 157[0m
[0mGET / [36m304[0m 13.534 ms - -[0m
[0mGET /js/toggle_likes.js [33m404[0m 7.862 ms - 157[0m
[0mGET / [36m304[0m 13.335 ms - -[0m
[0mGET /js/toggle_likes.js [33m404[0m 7.598 ms - 157[0m
[0mGET / [36m304[0m 27.957 ms - -[0m
[0mGET /js/toggle_likes.js [33m404[0m 9.535 ms - 157[0m
[0mGET / [36m304[0m 20.410 ms - -[0m
[0mGET /js/toggle_likes.js [33m404[0m 5.904 ms - 157[0m
[0mGET / [36m304[0m 9.993 ms - -[0m
[0mGET /js/toggle_likes.js [33m404[0m 5.350 ms - 157[0m
[0mGET / [36m304[0m 50.967 ms - -[0m
[0mGET /js/toggle_likes.js [33m404[0m 24.719 ms - 157[0m
[0mGET / [36m304[0m 24.790 ms - -[0m
[0mGET /js/toggle_likes.js [33m404[0m 18.967 ms - 157[0m
[0mGET / [36m304[0m 14.120 ms - -[0m
[0mGET /js/toggle_likes.js [33m404[0m 9.878 ms - 157[0m
[0mGET / [36m304[0m 15.978 ms - -[0m
[0mGET /js/toggle_likes.js [33m404[0m 10.186 ms - 157[0m
[0mGET /users/sign-out [36m302[0m 18.851 ms - 72[0m
[0mGET /users/sign-in [32m200[0m 13.607 ms - 2391[0m
[0mGET /users/css/layout.css [33m404[0m 7.748 ms - 159[0m
[0mGET /users/css/header.css [33m404[0m 11.278 ms - 159[0m
[0mGET /users/css/footer.css [33m404[0m 6.198 ms - 159[0m
[0mGET /users/css/layout.css [33m404[0m 3.982 ms - 159[0m
[0mGET /users/css/header.css [33m404[0m 3.797 ms - 159[0m
[0mGET /users/css/footer.css [33m404[0m 4.724 ms - 159[0m
[0mGET /users/sign-up [36m304[0m 4.035 ms - -[0m
[0mGET /users/css/layout.css [33m404[0m 3.030 ms - 159[0m
[0mGET /users/css/header.css [33m404[0m 3.114 ms - 159[0m
[0mGET /users/css/footer.css [33m404[0m 5.046 ms - 159[0m
[0mGET /users/auth/google [36m302[0m 4.331 ms - 0[0m
[0mGET /users/auth/google/callback?code=4%2F0AWtgzh4_ptvA7a-Yfb1IecMVThs1zDVOrShz3qnn1Jes2nzO-txrTVcNqgIsV8z89oYEWA&scope=email+profile+https%3A%2F%2Fwww.googleapis.com%2Fauth%2Fuserinfo.profile+https%3A%2F%2Fwww.googleapis.com%2Fauth%2Fuserinfo.email+openid&authuser=0&prompt=consent [36m302[0m 1761.657 ms - 46[0m
[0mGET / [32m200[0m 33.459 ms - 13066[0m
[0mGET /js/toggle_likes.js [33m404[0m 7.329 ms - 157[0m
[0mGET / [32m200[0m 17.708 ms - 12688[0m
[0mGET /js/toggle_likes.js [33m404[0m 5.380 ms - 157[0m
[0mGET /? [32m200[0m 17.203 ms - 8329[0m
[0mGET /js/toggle_likes.js [33m404[0m 4.516 ms - 157[0m
[0mGET /users/sign-up [36m304[0m 6.152 ms - -[0m
[0mGET /users/css/layout.css [33m404[0m 3.736 ms - 159[0m
[0mGET /users/css/header.css [33m404[0m 3.555 ms - 159[0m
[0mGET /users/css/footer.css [33m404[0m 5.803 ms - 159[0m
[0mGET /users/auth/google [36m302[0m 4.534 ms - 0[0m
[0mGET /users/auth/google/callback?code=4%2F0AWtgzh7l_OEyd_Zkmql6Ok6NdOTwO1A1vztlvY8FP_T-WIaFEo_5YKd1RHDiuaVXS1L96w&scope=email+profile+https%3A%2F%2Fwww.googleapis.com%2Fauth%2Fuserinfo.profile+https%3A%2F%2Fwww.googleapis.com%2Fauth%2Fuserinfo.email+openid&authuser=0&prompt=consent [36m302[0m 3170.646 ms - 46[0m
[0mGET / [32m200[0m 9.389 ms - 13066[0m
[0mGET /js/toggle_likes.js [33m404[0m 6.873 ms - 157[0m
[0mGET /? [32m200[0m 7.921 ms - 12688[0m
[0mGET /js/toggle_likes.js [33m404[0m 6.587 ms - 157[0m
[0mGET /? [36m304[0m 9.329 ms - -[0m
[0mGET /js/toggle_likes.js [33m404[0m 3.475 ms - 157[0m
[0mGET / [32m200[0m 50.285 ms - 8329[0m
[0mGET /js/toggle_likes.js [33m404[0m 8.070 ms - 157[0m
[0mGET /favicon.ico [33m404[0m 4.014 ms - 150[0m
[0mGET /users/sign-up [36m304[0m 2.905 ms - -[0m
[0mGET /users/css/layout.css [33m404[0m 3.622 ms - 159[0m
[0mGET /users/css/header.css [33m404[0m 3.514 ms - 159[0m
[0mGET /users/css/footer.css [33m404[0m 5.054 ms - 159[0m
[0mGET /users/auth/google [36m302[0m 2.565 ms - 0[0m
[0mGET /users/auth/google/callback?code=4%2F0AWtgzh7l05I5PKgKwL5Oifb3weFAFkOmgM9oBESsleKT83Oo08m4i8TeD8tiyiYozI321g&scope=email+profile+https%3A%2F%2Fwww.googleapis.com%2Fauth%2Fuserinfo.profile+https%3A%2F%2Fwww.googleapis.com%2Fauth%2Fuserinfo.email+openid&authuser=0&prompt=consent [36m302[0m 1798.142 ms - 46[0m
[0mGET / [32m200[0m 18.144 ms - 13066[0m
[0mGET /js/toggle_likes.js [33m404[0m 9.453 ms - 157[0m
[0mGET /likes/toggle/?id=6406c80bfa9bf0160c2efcc6&type=Post [33m404[0m 3.775 ms - 152[0m
[0mPOST /post/create [32m200[0m 8.034 ms - 238[0m
[0mGET / [32m200[0m 17.211 ms - 14216[0m
[0mGET /js/toggle_likes.js [33m404[0m 5.436 ms - 157[0m
[0mPOST /comments/create [32m200[0m 14.712 ms - 269[0m
[0mGET / [32m200[0m 24.239 ms - 14989[0m
[0mGET /js/toggle_likes.js [33m404[0m 6.795 ms - 157[0m
[0mGET /likes/toggle/?id=6412055f812bc5401154d080&type=Comment [33m404[0m 4.405 ms - 152[0m
[0mGET /likes/toggle/?id=64120558812bc5401154d076&type=Post [33m404[0m 3.093 ms - 152[0m
[0mGET /likes/toggle/?id=64120558812bc5401154d076&type=Post [33m404[0m 15.486 ms - 152[0m
[0mGET /? [32m200[0m 33.002 ms - 14989[0m
[0mGET /js/toggle_likes.js [33m404[0m 15.730 ms - 157[0m
[0mGET /js/toggle_likes.js [33m404[0m 7.593 ms - 157[0m
